Vivado Simulator v2025.2
Copyright 1986-2022 Xilinx, Inc. All Rights Reserved.
Copyright 2022-2025 Advanced Micro Devices, Inc. All Rights Reserved.
Running: C:/AMDDesignTools/2025.2/Vivado/bin/unwrapped/win64.o/xelab.exe tb_pl_jmpfwd0 -s tb_pl_jmpfwd0_sim 
Multi-threading is on. Using 22 slave threads.
Starting static elaboration
Pass Through NonSizing Optimizer
Completed static elaboration
Starting simulation data flow analysis
Completed simulation data flow analysis
Time Resolution for simulation is 1ps
Compiling module work.ctrl
Compiling module work.EXT
Compiling module work.RF
Compiling module work.alu
Compiling module work.PLCPU
Compiling module work.imem(INIT_FILE="jmpfwd0.dat")
Compiling module work.dm
Compiling module work.tb_pl_jmpfwd0
Built simulation snapshot tb_pl_jmpfwd0_sim
