INFO: [VRFC 10-2263] Analyzing Verilog file "C:/Users/ROG/finallab/student_sort_pl_02181078/src/alu.v" into library work
INFO: [VRFC 10-311] analyzing module alu
INFO: [VRFC 10-2263] Analyzing Verilog file "C:/Users/ROG/finallab/student_sort_pl_02181078/src/clk_div.v" into library work
INFO: [VRFC 10-311] analyzing module clk_div
INFO: [VRFC 10-2263] Analyzing Verilog file "C:/Users/ROG/finallab/student_sort_pl_02181078/src/ctrl.v" into library work
INFO: [VRFC 10-311] analyzing module ctrl
INFO: [VRFC 10-2263] Analyzing Verilog file "C:/Users/ROG/finallab/student_sort_pl_02181078/src/ctrl_encode_def.v" into library work
INFO: [VRFC 10-2263] Analyzing Verilog file "C:/Users/ROG/finallab/student_sort_pl_02181078/src/dm.v" into library work
INFO: [VRFC 10-311] analyzing module dm
INFO: [VRFC 10-2263] Analyzing Verilog file "C:/Users/ROG/finallab/student_sort_pl_02181078/src/EXT.v" into library work
INFO: [VRFC 10-311] analyzing module EXT
INFO: [VRFC 10-2263] Analyzing Verilog file "C:/Users/ROG/finallab/student_sort_pl_02181078/src/imem.v" into library work
INFO: [VRFC 10-311] analyzing module imem
INFO: [VRFC 10-2263] Analyzing Verilog file "C:/Users/ROG/finallab/student_sort_pl_02181078/src/MIO_BUS.v" into library work
INFO: [VRFC 10-311] analyzing module MIO_BUS
INFO: [VRFC 10-2263] Analyzing Verilog file "C:/Users/ROG/finallab/student_sort_pl_02181078/src/Multi_CH32.v" into library work
INFO: [VRFC 10-311] analyzing module Multi_CH32
INFO: [VRFC 10-2263] Analyzing Verilog file "C:/Users/ROG/finallab/student_sort_pl_02181078/src/NPC.v" into library work
INFO: [VRFC 10-311] analyzing module NPC
INFO: [VRFC 10-2263] Analyzing Verilog file "C:/Users/ROG/finallab/student_sort_pl_02181078/src/PC.v" into library work
INFO: [VRFC 10-311] analyzing module PC
INFO: [VRFC 10-2263] Analyzing Verilog file "C:/Users/ROG/finallab/student_sort_pl_02181078/src/PLCPU.v" into library work
INFO: [VRFC 10-311] analyzing module PLCPU
INFO: [VRFC 10-2263] Analyzing Verilog file "C:/Users/ROG/finallab/student_sort_pl_02181078/src/pl_reg.v" into library work
INFO: [VRFC 10-311] analyzing module pl_reg
INFO: [VRFC 10-2263] Analyzing Verilog file "C:/Users/ROG/finallab/student_sort_pl_02181078/src/RF.v" into library work
INFO: [VRFC 10-311] analyzing module RF
INFO: [VRFC 10-2263] Analyzing Verilog file "C:/Users/ROG/finallab/student_sort_pl_02181078/src/RVPLCPU_Top.v" into library work
INFO: [VRFC 10-311] analyzing module RVPLCPUSOC_Top
INFO: [VRFC 10-2263] Analyzing Verilog file "C:/Users/ROG/finallab/student_sort_pl_02181078/src/seg7x16.v" into library work
INFO: [VRFC 10-311] analyzing module seg7x16
INFO: [VRFC 10-2263] Analyzing Verilog file "C:/Users/ROG/finallab/student_sort_pl_02181078/sim/tb_pl_jmpfwd0.v" into library work
INFO: [VRFC 10-311] analyzing module tb_pl_jmpfwd0
